Started GET "/users/new" for 127.0.0.1 at 2023-04-06 15:06:14 +0530
  [1m[36mActiveRecord::SchemaMigration Pluck (1.6ms)[0m  [1m[34mSELECT "schema_migrations"."version" FROM "schema_migrations" ORDER BY "schema_migrations"."version" ASC[0m
Processing by UsersController#new as HTML
  [1m[36mTRANSACTION (0.2ms)[0m  [1m[35mBEGIN[0m
  ↳ app/models/user.rb:23:in `<class:User>'
  [1m[36mUser Create (55.6ms)[0m  [1m[32mINSERT INTO "users" ("name", "gender", "age", "address", "terms_and_conditions", "created_at", "updated_at", "email", "country", "t_size", "password") VALUES ($1, $2, $3, $4, $5, $6, $7, $8, $9, $10, $11) RETURNING "id"[0m  [["name", nil], ["gender", nil], ["age", nil], ["address", nil], ["terms_and_conditions", false], ["created_at", "2023-04-06 09:36:14.333509"], ["updated_at", "2023-04-06 09:36:14.333509"], ["email", nil], ["country", nil], ["t_size", nil], ["password", "[FILTERED]"]]
  ↳ app/models/user.rb:23:in `<class:User>'
  [1m[36mTRANSACTION (17.1ms)[0m  [1m[35mCOMMIT[0m
  ↳ app/models/user.rb:23:in `<class:User>'
  Rendering layout layouts/application.html.erb
  Rendering users/new.html.erb within layouts/application
  Rendered users/new.html.erb within layouts/application (Duration: 77.0ms | Allocations: 13152)
  Rendered layout layouts/application.html.erb (Duration: 1833.9ms | Allocations: 99141)
Completed 200 OK in 1984ms (Views: 1841.8ms | ActiveRecord: 77.3ms | Allocations: 116720)


Started GET "/" for 127.0.0.1 at 2023-04-06 15:06:28 +0530
Processing by Rails::WelcomeController#index as HTML
  Rendering /usr/share/rvm/gems/ruby-3.2.1/gems/railties-7.0.4.3/lib/rails/templates/rails/welcome/index.html.erb
  Rendered /usr/share/rvm/gems/ruby-3.2.1/gems/railties-7.0.4.3/lib/rails/templates/rails/welcome/index.html.erb (Duration: 2.1ms | Allocations: 271)
Completed 200 OK in 5ms (Views: 4.2ms | ActiveRecord: 0.0ms | Allocations: 898)


Started GET "/" for 127.0.0.1 at 2023-04-06 15:09:11 +0530
  [1m[36mActiveRecord::SchemaMigration Pluck (0.9ms)[0m  [1m[34mSELECT "schema_migrations"."version" FROM "schema_migrations" ORDER BY "schema_migrations"."version" ASC[0m
Processing by ArticlesController#index as HTML
  Rendering layout layouts/application.html.erb
  Rendering articles/index.html.erb within layouts/application
  [1m[36mArticle Load (38.5ms)[0m  [1m[34mSELECT "articles".* FROM "articles"[0m
  ↳ app/views/articles/index.html.erb:3
  Rendered articles/index.html.erb within layouts/application (Duration: 61.6ms | Allocations: 5335)
  Rendered layout layouts/application.html.erb (Duration: 120.4ms | Allocations: 39333)
Completed 200 OK in 152ms (Views: 72.9ms | ActiveRecord: 50.3ms | Allocations: 44633)


Started GET "/articles/2" for 127.0.0.1 at 2023-04-06 15:09:13 +0530
Processing by ArticlesController#show as HTML
  Parameters: {"id"=>"2"}
  [1m[36mArticle Load (1.0ms)[0m  [1m[34mSELECT "articles".* FROM "articles" WHERE "articles"."id" = $1 LIMIT $2[0m  [["id", 2], ["LIMIT", 1]]
  ↳ app/controllers/articles_controller.rb:9:in `show'
  Rendering layout layouts/application.html.erb
  Rendering articles/show.html.erb within layouts/application
  [1m[36mComment Load (49.3ms)[0m  [1m[34mSELECT "comments".* FROM "comments" WHERE "comments"."article_id" = $1[0m  [["article_id", 2]]
  ↳ app/views/articles/show.html.erb:12
  Rendered collection of comments/_comment.html.erb [1 times] (Duration: 13.4ms | Allocations: 862)
  Rendered comments/_form.html.erb (Duration: 46.6ms | Allocations: 3440)
  Rendered articles/show.html.erb within layouts/application (Duration: 271.2ms | Allocations: 16656)
  Rendered layout layouts/application.html.erb (Duration: 281.0ms | Allocations: 18754)
Completed 200 OK in 320ms (Views: 222.8ms | ActiveRecord: 61.5ms | Allocations: 21783)


Started GET "/articles/2/edit" for 127.0.0.1 at 2023-04-06 15:09:19 +0530
Processing by ArticlesController#edit as HTML
  Parameters: {"id"=>"2"}
Filter chain halted as #<Proc:0x00007f9a92cea9a8 /usr/share/rvm/gems/ruby-3.2.1/gems/actionpack-7.0.4.3/lib/action_controller/metal/http_authentication.rb:79> rendered or redirected
Completed 401 Unauthorized in 2ms (ActiveRecord: 0.0ms | Allocations: 113)


Started GET "/articles/2/edit" for 127.0.0.1 at 2023-04-06 15:09:23 +0530
Processing by ArticlesController#edit as HTML
  Parameters: {"id"=>"2"}
  [1m[36mArticle Load (0.6ms)[0m  [1m[34mSELECT "articles".* FROM "articles" WHERE "articles"."id" = $1 LIMIT $2[0m  [["id", 2], ["LIMIT", 1]]
  ↳ app/controllers/articles_controller.rb:26:in `edit'
  Rendering layout layouts/application.html.erb
  Rendering articles/edit.html.erb within layouts/application
  Rendered articles/_form.html.erb (Duration: 8.4ms | Allocations: 1858)
  Rendered articles/edit.html.erb within layouts/application (Duration: 10.1ms | Allocations: 2074)
  Rendered layout layouts/application.html.erb (Duration: 18.2ms | Allocations: 4172)
Completed 200 OK in 24ms (Views: 19.3ms | ActiveRecord: 0.6ms | Allocations: 5046)


Started GET "/" for 127.0.0.1 at 2023-04-06 15:17:26 +0530
  [1m[36mActiveRecord::SchemaMigration Pluck (1.2ms)[0m  [1m[34mSELECT "schema_migrations"."version" FROM "schema_migrations" ORDER BY "schema_migrations"."version" ASC[0m
Processing by ArticlesController#index as HTML
  Rendering layout layouts/application.html.erb
  Rendering articles/index.html.erb within layouts/application
  [1m[36mArticle Load (0.7ms)[0m  [1m[34mSELECT "articles".* FROM "articles"[0m
  ↳ app/views/articles/index.html.erb:3
  Rendered articles/index.html.erb within layouts/application (Duration: 20.3ms | Allocations: 5335)
  Rendered layout layouts/application.html.erb (Duration: 81.2ms | Allocations: 38926)
Completed 200 OK in 93ms (Views: 75.9ms | ActiveRecord: 8.4ms | Allocations: 43937)


Started GET "/articles/new" for 127.0.0.1 at 2023-04-06 15:17:29 +0530
Processing by ArticlesController#new as HTML
Filter chain halted as #<Proc:0x00007febde3609a8 /usr/share/rvm/gems/ruby-3.2.1/gems/actionpack-7.0.4.3/lib/action_controller/metal/http_authentication.rb:79> rendered or redirected
Completed 401 Unauthorized in 1ms (ActiveRecord: 0.0ms | Allocations: 113)


Started GET "/articles/new" for 127.0.0.1 at 2023-04-06 15:17:29 +0530
Processing by ArticlesController#new as HTML
  Rendering layout layouts/application.html.erb
  Rendering articles/new.html.erb within layouts/application
  Rendered articles/_form.html.erb (Duration: 14.9ms | Allocations: 3326)
  Rendered articles/new.html.erb within layouts/application (Duration: 16.5ms | Allocations: 3566)
  Rendered layout layouts/application.html.erb (Duration: 25.9ms | Allocations: 5672)
Completed 200 OK in 29ms (Views: 27.3ms | ActiveRecord: 0.0ms | Allocations: 6078)


Started POST "/articles" for 127.0.0.1 at 2023-04-06 15:17:56 +0530
Processing by ArticlesController#create as TURBO_STREAM
  Parameters: {"authenticity_token"=>"[FILTERED]", "article"=>{"title"=>"Hanuman Jayanti", "body"=>"Happy Hanuman Jayanti", "status"=>"public"}, "commit"=>"Create Article"}
Filter chain halted as #<Proc:0x00007febde3609a8 /usr/share/rvm/gems/ruby-3.2.1/gems/actionpack-7.0.4.3/lib/action_controller/metal/http_authentication.rb:79> rendered or redirected
Completed 401 Unauthorized in 3ms (ActiveRecord: 0.0ms | Allocations: 342)


Started POST "/articles" for 127.0.0.1 at 2023-04-06 15:17:56 +0530
Processing by ArticlesController#create as TURBO_STREAM
  Parameters: {"authenticity_token"=>"[FILTERED]", "article"=>{"title"=>"Hanuman Jayanti", "body"=>"Happy Hanuman Jayanti", "status"=>"public"}, "commit"=>"Create Article"}
  [1m[36mTRANSACTION (0.4ms)[0m  [1m[35mBEGIN[0m
  ↳ app/controllers/articles_controller.rb:18:in `create'
  [1m[36mArticle Create (19.8ms)[0m  [1m[32mINSERT INTO "articles" ("title", "body", "created_at", "updated_at", "status") VALUES ($1, $2, $3, $4, $5) RETURNING "id"[0m  [["title", "Hanuman Jayanti"], ["body", "Happy Hanuman Jayanti"], ["created_at", "2023-04-06 09:47:56.928377"], ["updated_at", "2023-04-06 09:47:56.928377"], ["status", "public"]]
  ↳ app/controllers/articles_controller.rb:18:in `create'
  [1m[36mTRANSACTION (14.8ms)[0m  [1m[35mCOMMIT[0m
  ↳ app/controllers/articles_controller.rb:18:in `create'
Redirected to http://127.0.0.1:3000/articles/3
Completed 302 Found in 54ms (ActiveRecord: 35.0ms | Allocations: 3895)


Started GET "/articles/3" for 127.0.0.1 at 2023-04-06 15:17:57 +0530
Processing by ArticlesController#show as TURBO_STREAM
  Parameters: {"id"=>"3"}
  [1m[36mArticle Load (0.8ms)[0m  [1m[34mSELECT "articles".* FROM "articles" WHERE "articles"."id" = $1 LIMIT $2[0m  [["id", 3], ["LIMIT", 1]]
  ↳ app/controllers/articles_controller.rb:9:in `show'
  Rendering layout layouts/application.html.erb
  Rendering articles/show.html.erb within layouts/application
  [1m[36mComment Load (1.1ms)[0m  [1m[34mSELECT "comments".* FROM "comments" WHERE "comments"."article_id" = $1[0m  [["article_id", 3]]
  ↳ app/views/articles/show.html.erb:12
  Rendered collection of templates [0 times] (Duration: 0.1ms | Allocations: 32)
  Rendered comments/_form.html.erb (Duration: 25.7ms | Allocations: 5174)
  Rendered articles/show.html.erb within layouts/application (Duration: 57.8ms | Allocations: 10313)
  Rendered layout layouts/application.html.erb (Duration: 64.1ms | Allocations: 12411)
Completed 200 OK in 78ms (Views: 55.0ms | ActiveRecord: 11.9ms | Allocations: 14973)


Started POST "/articles/3/comments" for 127.0.0.1 at 2023-04-06 15:20:26 +0530
Processing by CommentsController#create as TURBO_STREAM
  Parameters: {"authenticity_token"=>"[FILTERED]", "comment"=>{"commenter"=>"Ram Ji", "body"=>"Happy Birthday Hanuman", "status"=>"public"}, "commit"=>"Create Comment", "article_id"=>"3"}
  [1m[36mArticle Load (0.4ms)[0m  [1m[34mSELECT "articles".* FROM "articles" WHERE "articles"."id" = $1 LIMIT $2[0m  [["id", 3], ["LIMIT", 1]]
  ↳ app/controllers/comments_controller.rb:5:in `create'
  [1m[36mTRANSACTION (0.3ms)[0m  [1m[35mBEGIN[0m
  ↳ app/controllers/comments_controller.rb:6:in `create'
  [1m[36mComment Create (65.3ms)[0m  [1m[32mINSERT INTO "comments" ("commenter", "body", "article_id", "created_at", "updated_at", "status") VALUES ($1, $2, $3, $4, $5, $6) RETURNING "id"[0m  [["commenter", "Ram Ji"], ["body", "Happy Birthday Hanuman"], ["article_id", 3], ["created_at", "2023-04-06 09:50:26.632002"], ["updated_at", "2023-04-06 09:50:26.632002"], ["status", "public"]]
  ↳ app/controllers/comments_controller.rb:6:in `create'
  [1m[36mTRANSACTION (13.1ms)[0m  [1m[35mCOMMIT[0m
  ↳ app/controllers/comments_controller.rb:6:in `create'
Redirected to http://127.0.0.1:3000/articles/3
Completed 302 Found in 93ms (ActiveRecord: 79.0ms | Allocations: 3511)


Started GET "/articles/3" for 127.0.0.1 at 2023-04-06 15:20:26 +0530
Processing by ArticlesController#show as TURBO_STREAM
  Parameters: {"id"=>"3"}
  [1m[36mArticle Load (0.7ms)[0m  [1m[34mSELECT "articles".* FROM "articles" WHERE "articles"."id" = $1 LIMIT $2[0m  [["id", 3], ["LIMIT", 1]]
  ↳ app/controllers/articles_controller.rb:9:in `show'
  Rendering layout layouts/application.html.erb
  Rendering articles/show.html.erb within layouts/application
  [1m[36mComment Load (0.8ms)[0m  [1m[34mSELECT "comments".* FROM "comments" WHERE "comments"."article_id" = $1[0m  [["article_id", 3]]
  ↳ app/views/articles/show.html.erb:12
  Rendered collection of comments/_comment.html.erb [1 times] (Duration: 2.3ms | Allocations: 406)
  Rendered comments/_form.html.erb (Duration: 7.8ms | Allocations: 1357)
  Rendered articles/show.html.erb within layouts/application (Duration: 19.0ms | Allocations: 2884)
  Rendered layout layouts/application.html.erb (Duration: 27.4ms | Allocations: 5015)
Completed 200 OK in 36ms (Views: 28.4ms | ActiveRecord: 1.6ms | Allocations: 5786)


Started POST "/articles/3/comments" for 127.0.0.1 at 2023-04-06 15:21:00 +0530
Processing by CommentsController#create as TURBO_STREAM
  Parameters: {"authenticity_token"=>"[FILTERED]", "comment"=>{"commenter"=>"Hanuman Ji", "body"=>"Dhanywad Prabhu", "status"=>"public"}, "commit"=>"Create Comment", "article_id"=>"3"}
  [1m[36mArticle Load (0.7ms)[0m  [1m[34mSELECT "articles".* FROM "articles" WHERE "articles"."id" = $1 LIMIT $2[0m  [["id", 3], ["LIMIT", 1]]
  ↳ app/controllers/comments_controller.rb:5:in `create'
  [1m[36mTRANSACTION (0.4ms)[0m  [1m[35mBEGIN[0m
  ↳ app/controllers/comments_controller.rb:6:in `create'
  [1m[36mComment Create (1.3ms)[0m  [1m[32mINSERT INTO "comments" ("commenter", "body", "article_id", "created_at", "updated_at", "status") VALUES ($1, $2, $3, $4, $5, $6) RETURNING "id"[0m  [["commenter", "Hanuman Ji"], ["body", "Dhanywad Prabhu"], ["article_id", 3], ["created_at", "2023-04-06 09:51:00.309720"], ["updated_at", "2023-04-06 09:51:00.309720"], ["status", "public"]]
  ↳ app/controllers/comments_controller.rb:6:in `create'
  [1m[36mTRANSACTION (23.6ms)[0m  [1m[35mCOMMIT[0m
  ↳ app/controllers/comments_controller.rb:6:in `create'
Redirected to http://127.0.0.1:3000/articles/3
Completed 302 Found in 46ms (ActiveRecord: 26.1ms | Allocations: 3142)


Started GET "/articles/3" for 127.0.0.1 at 2023-04-06 15:21:00 +0530
Processing by ArticlesController#show as TURBO_STREAM
  Parameters: {"id"=>"3"}
  [1m[36mArticle Load (0.7ms)[0m  [1m[34mSELECT "articles".* FROM "articles" WHERE "articles"."id" = $1 LIMIT $2[0m  [["id", 3], ["LIMIT", 1]]
  ↳ app/controllers/articles_controller.rb:9:in `show'
  Rendering layout layouts/application.html.erb
  Rendering articles/show.html.erb within layouts/application
  [1m[36mComment Load (0.7ms)[0m  [1m[34mSELECT "comments".* FROM "comments" WHERE "comments"."article_id" = $1[0m  [["article_id", 3]]
  ↳ app/views/articles/show.html.erb:12
  Rendered collection of comments/_comment.html.erb [2 times] (Duration: 1.8ms | Allocations: 291)
  Rendered comments/_form.html.erb (Duration: 7.2ms | Allocations: 1348)
  Rendered articles/show.html.erb within layouts/application (Duration: 16.0ms | Allocations: 2640)
  Rendered layout layouts/application.html.erb (Duration: 25.3ms | Allocations: 4739)
Completed 200 OK in 33ms (Views: 25.9ms | ActiveRecord: 1.4ms | Allocations: 5509)


Started GET "/" for 127.0.0.1 at 2023-04-06 15:21:11 +0530
Processing by ArticlesController#index as HTML
  Rendering layout layouts/application.html.erb
  Rendering articles/index.html.erb within layouts/application
  [1m[36mArticle Load (0.4ms)[0m  [1m[34mSELECT "articles".* FROM "articles"[0m
  ↳ app/views/articles/index.html.erb:3
  Rendered articles/index.html.erb within layouts/application (Duration: 3.5ms | Allocations: 713)
  Rendered layout layouts/application.html.erb (Duration: 10.5ms | Allocations: 2976)
Completed 200 OK in 12ms (Views: 11.0ms | ActiveRecord: 0.4ms | Allocations: 3245)


Started GET "/articles/3" for 127.0.0.1 at 2023-04-06 15:21:13 +0530
Processing by ArticlesController#show as HTML
  Parameters: {"id"=>"3"}
  [1m[36mArticle Load (0.8ms)[0m  [1m[34mSELECT "articles".* FROM "articles" WHERE "articles"."id" = $1 LIMIT $2[0m  [["id", 3], ["LIMIT", 1]]
  ↳ app/controllers/articles_controller.rb:9:in `show'
  Rendering layout layouts/application.html.erb
  Rendering articles/show.html.erb within layouts/application
  [1m[36mComment Load (0.9ms)[0m  [1m[34mSELECT "comments".* FROM "comments" WHERE "comments"."article_id" = $1[0m  [["article_id", 3]]
  ↳ app/views/articles/show.html.erb:12
  Rendered collection of comments/_comment.html.erb [2 times] (Duration: 1.3ms | Allocations: 291)
  Rendered comments/_form.html.erb (Duration: 5.0ms | Allocations: 1366)
  Rendered articles/show.html.erb within layouts/application (Duration: 14.9ms | Allocations: 2655)
  Rendered layout layouts/application.html.erb (Duration: 22.3ms | Allocations: 4752)
Completed 200 OK in 30ms (Views: 22.8ms | ActiveRecord: 1.7ms | Allocations: 5520)


